<?xml version="1.0" encoding="UTF-8"?>
<!-- Generated by org.testng.reporters.JUnitReportReporter -->
<testsuite hostname="DESKTOP-9P8UNRB" failures="0" tests="1" name="testCases.TC008DateFilterTest" time="22.578" errors="0" timestamp="2025-02-05T08:32:43 IST" skipped="0">
  <testcase classname="testCases.TC008DateFilterTest" name="dateFilterTest" time="22.578"/>
</testsuite> <!-- testCases.TC008DateFilterTest -->
