<?xml version="1.0" encoding="UTF-8"?>
<!-- Generated by org.testng.reporters.JUnitReportReporter -->
<testsuite hostname="DESKTOP-9P8UNRB" failures="0" tests="1" name="testBase.BaseClass" time="5.200" errors="0" timestamp="2025-01-17T16:41:19 IST" skipped="0">
  <testcase classname="testBase.BaseClass" name="verify_logo" time="5.200"/>
</testsuite> <!-- testBase.BaseClass -->
