<?xml version="1.0" encoding="UTF-8"?>
<!-- Generated by org.testng.reporters.JUnitReportReporter -->
<testsuite hostname="DESKTOP-9P8UNRB" failures="0" tests="1" name="testCases.TC001LandingPageLogoTest" time="1.243" errors="0" timestamp="2025-02-05T09:38:31 IST" skipped="0">
  <testcase classname="testCases.TC001LandingPageLogoTest" name="logo_test" time="1.243"/>
</testsuite> <!-- testCases.TC001LandingPageLogoTest -->
