<?xml version="1.0" encoding="UTF-8"?>
<!-- Generated by org.testng.reporters.JUnitReportReporter -->
<testsuite hostname="DESKTOP-9P8UNRB" failures="0" tests="1" name="testCases.TC003LogoutTest" time="4.069" errors="0" timestamp="2025-02-05T10:15:59 IST" skipped="0">
  <testcase classname="testCases.TC003LogoutTest" name="logoutTest" time="4.069"/>
</testsuite> <!-- testCases.TC003LogoutTest -->
