<?xml version="1.0" encoding="UTF-8"?>
<!-- Generated by org.testng.reporters.JUnitReportReporter -->
<testsuite hostname="DESKTOP-9P8UNRB" failures="0" tests="1" name="testCases.TC002LoginTest" time="11.592" errors="0" timestamp="2025-01-23T10:47:53 IST" skipped="0">
  <testcase classname="testCases.TC002LoginTest" name="loginTest" time="11.592"/>
</testsuite> <!-- testCases.TC002LoginTest -->
