<?xml version="1.0" encoding="UTF-8"?>
<!-- Generated by org.testng.reporters.JUnitReportReporter -->
<testsuite hostname="DESKTOP-9P8UNRB" failures="0" tests="3" name="testCases.TC003LogoutTest" time="23.107" errors="0" timestamp="2025-01-21T12:31:31 IST" skipped="0">
  <testcase classname="testCases.TC003LogoutTest" name="logoutTest" time="11.240"/>
  <testcase classname="testCases.TC003LogoutTest" name="logoutTest" time="5.767"/>
  <testcase classname="testCases.TC003LogoutTest" name="logoutTest" time="6.100"/>
</testsuite> <!-- testCases.TC003LogoutTest -->
