<?xml version="1.0" encoding="UTF-8"?>
<!-- Generated by org.testng.reporters.JUnitReportReporter -->
<testsuite hostname="DESKTOP-9P8UNRB" failures="0" tests="1" name="testCases.TC005SwitchToLuminateCDWWorkflowTest" time="15.786" errors="0" timestamp="2025-02-02T18:40:21 IST" skipped="0">
  <testcase classname="testCases.TC005SwitchToLuminateCDWWorkflowTest" name="switchWorkflowTest" time="15.786"/>
</testsuite> <!-- testCases.TC005SwitchToLuminateCDWWorkflowTest -->
